GRAN DESESPERACION/Library/Bee/Android/Prj/IL2CPP/Gradle/launcher/build/intermediates/manifest_merge_blame_file/release/processReleaseMainManifest/manifest-merger-blame-release-report.txt
1<?xml version="1.0" encoding="utf-8"?>
2<manifest xmlns:android="http://schemas.android.com/apk/res/android"
3    package="com.UnityTechnologies.com.unity.template.urpblankPass"
4    android:installLocation="auto"
5    android:versionCode="1"
6    android:versionName="0.1.0" >
7
8    <uses-sdk
9        android:minSdkVersion="32"
10        android:targetSdkVersion="32" />
11
12    <supports-screens
12-->src\main\AndroidManifest.xml:4:3-163
13        android:anyDensity="true"
13-->src\main\AndroidManifest.xml:4:135-160
14        android:largeScreens="true"
14-->src\main\AndroidManifest.xml:4:78-105
15        android:normalScreens="true"
15-->src\main\AndroidManifest.xml:4:49-77
16        android:smallScreens="true"
16-->src\main\AndroidManifest.xml:4:21-48
17        android:xlargeScreens="true" />
17-->src\main\AndroidManifest.xml:4:106-134
18
19    <uses-permission android:name="android.permission.INTERNET" />
19-->[:unityLibrary] AndroidManifest.xml:9:5-67
19-->[:unityLibrary] AndroidManifest.xml:9:22-64
20
21    <uses-feature
21-->[:unityLibrary] AndroidManifest.xml:11:5-14:31
22        android:name="android.hardware.vr.headtracking"
22-->[:unityLibrary] AndroidManifest.xml:12:9-56
23        android:required="true"
23-->[:unityLibrary] AndroidManifest.xml:13:9-32
24        android:version="1" />
24-->[:unityLibrary] AndroidManifest.xml:14:9-28
25    <uses-feature
25-->[:unityLibrary] AndroidManifest.xml:15:5-17:35
26        android:name="android.hardware.vulkan.version"
26-->[:unityLibrary] AndroidManifest.xml:16:9-55
27        android:required="true" />
27-->[:unityLibrary] AndroidManifest.xml:17:9-32
28    <uses-feature
28-->[:unityLibrary] AndroidManifest.xml:18:5-20:36
29        android:name="android.hardware.touchscreen"
29-->[:unityLibrary] AndroidManifest.xml:19:9-52
30        android:required="false" />
30-->[:unityLibrary] AndroidManifest.xml:20:9-33
31    <uses-feature
31-->[:unityLibrary] AndroidManifest.xml:21:5-23:36
32        android:name="android.hardware.touchscreen.multitouch"
32-->[:unityLibrary] AndroidManifest.xml:22:9-63
33        android:required="false" />
33-->[:unityLibrary] AndroidManifest.xml:23:9-33
34    <uses-feature
34-->[:unityLibrary] AndroidManifest.xml:24:5-26:36
35        android:name="android.hardware.touchscreen.multitouch.distinct"
35-->[:unityLibrary] AndroidManifest.xml:25:9-72
36        android:required="false" />
36-->[:unityLibrary] AndroidManifest.xml:26:9-33
37
38    <uses-permission android:name="com.oculus.permission.HAND_TRACKING" />
38-->[:unityLibrary] AndroidManifest.xml:28:5-75
38-->[:unityLibrary] AndroidManifest.xml:28:22-72
39
40    <uses-feature
40-->[:unityLibrary] AndroidManifest.xml:30:5-32:36
41        android:name="oculus.software.handtracking"
41-->[:unityLibrary] AndroidManifest.xml:31:9-52
42        android:required="false" />
42-->[:unityLibrary] AndroidManifest.xml:32:9-33
43
44    <uses-permission android:name="com.oculus.permission.USE_ANCHOR_API" />
44-->[:unityLibrary] AndroidManifest.xml:34:5-76
44-->[:unityLibrary] AndroidManifest.xml:34:22-73
45
46    <uses-feature
46-->[:unityLibrary] AndroidManifest.xml:36:5-38:36
47        android:name="com.oculus.feature.PASSTHROUGH"
47-->[:unityLibrary] AndroidManifest.xml:37:9-54
48        android:required="false" />
48-->[:unityLibrary] AndroidManifest.xml:38:9-33
49
50    <uses-permission android:name="com.oculus.permission.USE_SCENE" />
50-->[:unityLibrary] AndroidManifest.xml:40:5-71
50-->[:unityLibrary] AndroidManifest.xml:40:22-68
51    <uses-permission android:name="horizonos.permission.HEADSET_CAMERA" />
51-->[:unityLibrary] AndroidManifest.xml:41:5-75
51-->[:unityLibrary] AndroidManifest.xml:41:22-72
52
53    <application
53-->src\main\AndroidManifest.xml:3:3-83
54        android:allowBackup="false"
54-->[:unityLibrary] AndroidManifest.xml:44:9-36
55        android:appCategory="game"
55-->[:unityLibrary] AndroidManifest.xml:45:9-35
56        android:appComponentFactory="androidx.core.app.CoreComponentFactory"
56-->[androidx.core:core:1.8.0] AndroidManifest.xml:24:18-86
57        android:extractNativeLibs="true"
58        android:icon="@mipmap/app_icon"
58-->src\main\AndroidManifest.xml:3:16-47
59        android:label="@string/app_name"
59-->src\main\AndroidManifest.xml:3:48-80
60        android:networkSecurityConfig="@xml/network_sec_config" >
60-->[:unityLibrary] AndroidManifest.xml:49:9-64
61        <meta-data
61-->[:unityLibrary] AndroidManifest.xml:50:9-52:37
62            android:name="unityplayer.SkipPermissionsDialog"
62-->[:unityLibrary] AndroidManifest.xml:51:13-61
63            android:value="false" />
63-->[:unityLibrary] AndroidManifest.xml:52:13-34
64        <meta-data
64-->[:unityLibrary] AndroidManifest.xml:53:9-55:54
65            android:name="com.oculus.ossplash.background"
65-->[:unityLibrary] AndroidManifest.xml:54:13-58
66            android:value="passthrough-contextual" />
66-->[:unityLibrary] AndroidManifest.xml:55:13-51
67        <meta-data
67-->[:unityLibrary] AndroidManifest.xml:56:9-58:68
68            android:name="com.oculus.telemetry.project_guid"
68-->[:unityLibrary] AndroidManifest.xml:57:13-61
69            android:value="9c304437-88da-4949-834b-5011cba7641f" />
69-->[:unityLibrary] AndroidManifest.xml:58:13-65
70        <meta-data
70-->[:unityLibrary] AndroidManifest.xml:59:9-62:45
71            android:name="com.oculus.supportedDevices"
71-->[:unityLibrary] AndroidManifest.xml:60:13-55
72            android:value="quest2|questpro|quest3|quest3s" />
72-->[:unityLibrary] AndroidManifest.xml:61:13-59
73        <meta-data
73-->[:unityLibrary] AndroidManifest.xml:63:9-65:33
74            android:name="unity.splash-mode"
74-->[:unityLibrary] AndroidManifest.xml:64:13-45
75            android:value="0" />
75-->[:unityLibrary] AndroidManifest.xml:65:13-30
76        <meta-data
76-->[:unityLibrary] AndroidManifest.xml:66:9-68:36
77            android:name="unity.splash-enable"
77-->[:unityLibrary] AndroidManifest.xml:67:13-47
78            android:value="True" />
78-->[:unityLibrary] AndroidManifest.xml:68:13-33
79        <meta-data
79-->[:unityLibrary] AndroidManifest.xml:69:9-71:36
80            android:name="unity.launch-fullscreen"
80-->[:unityLibrary] AndroidManifest.xml:70:13-51
81            android:value="True" />
81-->[:unityLibrary] AndroidManifest.xml:71:13-33
82        <meta-data
82-->[:unityLibrary] AndroidManifest.xml:72:9-74:36
83            android:name="unity.render-outside-safearea"
83-->[:unityLibrary] AndroidManifest.xml:73:13-57
84            android:value="True" />
84-->[:unityLibrary] AndroidManifest.xml:74:13-33
85        <meta-data
85-->[:unityLibrary] AndroidManifest.xml:75:9-77:50
86            android:name="notch.config"
86-->[:unityLibrary] AndroidManifest.xml:76:13-40
87            android:value="portrait|landscape" />
87-->[:unityLibrary] AndroidManifest.xml:77:13-47
88        <meta-data
88-->[:unityLibrary] AndroidManifest.xml:78:9-80:36
89            android:name="unity.auto-report-fully-drawn"
89-->[:unityLibrary] AndroidManifest.xml:79:13-57
90            android:value="true" />
90-->[:unityLibrary] AndroidManifest.xml:80:13-33
91        <meta-data
91-->[:unityLibrary] AndroidManifest.xml:81:9-83:36
92            android:name="unity.strip-engine-code"
92-->[:unityLibrary] AndroidManifest.xml:82:13-51
93            android:value="true" />
93-->[:unityLibrary] AndroidManifest.xml:83:13-33
94        <meta-data
94-->[:unityLibrary] AndroidManifest.xml:84:9-86:36
95            android:name="unity.auto-set-game-state"
95-->[:unityLibrary] AndroidManifest.xml:85:13-53
96            android:value="true" />
96-->[:unityLibrary] AndroidManifest.xml:86:13-33
97
98        <activity
98-->[:unityLibrary] AndroidManifest.xml:88:9-118:20
99            android:name="com.unity3d.player.UnityPlayerGameActivity"
99-->[:unityLibrary] AndroidManifest.xml:89:13-70
100            android:configChanges="mcc|mnc|locale|touchscreen|keyboard|keyboardHidden|navigation|orientation|screenLayout|uiMode|screenSize|smallestScreenSize|fontScale|layoutDirection|density"
100-->[:unityLibrary] AndroidManifest.xml:90:13-194
101            android:enabled="true"
101-->[:unityLibrary] AndroidManifest.xml:91:13-35
102            android:excludeFromRecents="true"
102-->[:unityLibrary] AndroidManifest.xml:92:13-46
103            android:exported="true"
103-->[:unityLibrary] AndroidManifest.xml:93:13-36
104            android:hardwareAccelerated="false"
104-->[:unityLibrary] AndroidManifest.xml:94:13-48
105            android:launchMode="singleTask"
105-->[:unityLibrary] AndroidManifest.xml:95:13-44
106            android:resizeableActivity="true"
106-->[:unityLibrary] AndroidManifest.xml:96:13-46
107            android:screenOrientation="landscape"
107-->[:unityLibrary] AndroidManifest.xml:97:13-50
108            android:theme="@style/Theme.AppCompat.DayNight.NoActionBar" >
108-->[:unityLibrary] AndroidManifest.xml:98:13-72
109            <intent-filter>
109-->[:unityLibrary] AndroidManifest.xml:99:13-104:29
110                <category android:name="android.intent.category.LAUNCHER" />
110-->[:unityLibrary] AndroidManifest.xml:100:17-77
110-->[:unityLibrary] AndroidManifest.xml:100:27-74
111                <category android:name="com.oculus.intent.category.VR" />
111-->[:unityLibrary] AndroidManifest.xml:101:17-74
111-->[:unityLibrary] AndroidManifest.xml:101:27-71
112
113                <action android:name="android.intent.action.MAIN" />
113-->[:unityLibrary] AndroidManifest.xml:103:17-69
113-->[:unityLibrary] AndroidManifest.xml:103:25-66
114            </intent-filter>
115
116            <meta-data
116-->[:unityLibrary] AndroidManifest.xml:106:13-108:40
117                android:name="com.oculus.vr.focusaware"
117-->[:unityLibrary] AndroidManifest.xml:107:17-56
118                android:value="true" />
118-->[:unityLibrary] AndroidManifest.xml:108:17-37
119            <meta-data
119-->[:unityLibrary] AndroidManifest.xml:109:13-111:71
120                android:name="WindowManagerPreference:FreeformWindowSize"
120-->[:unityLibrary] AndroidManifest.xml:110:17-74
121                android:value="@string/FreeformWindowSize_maximize" />
121-->[:unityLibrary] AndroidManifest.xml:111:17-68
122            <meta-data
122-->[:unityLibrary] AndroidManifest.xml:112:13-114:79
123                android:name="WindowManagerPreference:FreeformWindowOrientation"
123-->[:unityLibrary] AndroidManifest.xml:113:17-81
124                android:value="@string/FreeformWindowOrientation_landscape" />
124-->[:unityLibrary] AndroidManifest.xml:114:17-76
125            <meta-data
125-->[:unityLibrary] AndroidManifest.xml:115:13-117:40
126                android:name="notch_support"
126-->[:unityLibrary] AndroidManifest.xml:116:17-45
127                android:value="true" />
127-->[:unityLibrary] AndroidManifest.xml:117:17-37
128        </activity>
129
130        <meta-data
130-->[:unityLibrary] AndroidManifest.xml:120:9-122:36
131            android:name="com.oculus.handtracking.frequency"
131-->[:unityLibrary] AndroidManifest.xml:121:13-61
132            android:value="HIGH" />
132-->[:unityLibrary] AndroidManifest.xml:122:13-33
133        <meta-data
133-->[:unityLibrary] AndroidManifest.xml:123:9-125:36
134            android:name="com.oculus.handtracking.version"
134-->[:unityLibrary] AndroidManifest.xml:124:13-59
135            android:value="V2.0" />
135-->[:unityLibrary] AndroidManifest.xml:125:13-33
136
137        <provider
137-->[androidx.emoji2:emoji2:1.2.0] AndroidManifest.xml:24:9-32:20
138            android:name="androidx.startup.InitializationProvider"
138-->[androidx.emoji2:emoji2:1.2.0] AndroidManifest.xml:25:13-67
139            android:authorities="com.UnityTechnologies.com.unity.template.urpblankPass.androidx-startup"
139-->[androidx.emoji2:emoji2:1.2.0] AndroidManifest.xml:26:13-68
140            android:exported="false" >
140-->[androidx.emoji2:emoji2:1.2.0] AndroidManifest.xml:27:13-37
141            <meta-data
141-->[androidx.emoji2:emoji2:1.2.0] AndroidManifest.xml:29:13-31:52
142                android:name="androidx.emoji2.text.EmojiCompatInitializer"
142-->[androidx.emoji2:emoji2:1.2.0] AndroidManifest.xml:30:17-75
143                android:value="androidx.startup" />
143-->[androidx.emoji2:emoji2:1.2.0] AndroidManifest.xml:31:17-49
144            <meta-data
144-->[androidx.lifecycle:lifecycle-process:2.4.1] AndroidManifest.xml:31:13-33:52
145                android:name="androidx.lifecycle.ProcessLifecycleInitializer"
145-->[androidx.lifecycle:lifecycle-process:2.4.1] AndroidManifest.xml:32:17-78
146                android:value="androidx.startup" />
146-->[androidx.lifecycle:lifecycle-process:2.4.1] AndroidManifest.xml:33:17-49
147        </provider>
148    </application>
149
150</manifest>